{"C:\\NodeJS\\OneDrive\\Desktop\\CC_JAN'22\\WebD\\BE\\NodeJs\\nodejs-npm\\nodejs-npm-starter-kit\\metroCard.js": {"path":"C:\\NodeJS\\OneDrive\\Desktop\\CC_JAN'22\\WebD\\BE\\NodeJs\\nodejs-npm\\nodejs-npm-starter-kit\\metroCard.js","statementMap":{"0":{"start":{"line":2,"column":22},"end":{"line":2,"column":25}},"1":{"start":{"line":3,"column":28},"end":{"line":3,"column":32}},"2":{"start":{"line":6,"column":8},"end":{"line":6,"column":37}},"3":{"start":{"line":7,"column":8},"end":{"line":7,"column":31}},"4":{"start":{"line":8,"column":8},"end":{"line":8,"column":34}},"5":{"start":{"line":9,"column":8},"end":{"line":9,"column":35}},"6":{"start":{"line":10,"column":8},"end":{"line":10,"column":25}},"7":{"start":{"line":14,"column":20},"end":{"line":14,"column":22}},"8":{"start":{"line":15,"column":23},"end":{"line":15,"column":24}},"9":{"start":{"line":16,"column":8},"end":{"line":18,"column":9}},"10":{"start":{"line":17,"column":12},"end":{"line":17,"column":42}},"11":{"start":{"line":21,"column":21},"end":{"line":21,"column":57}},"12":{"start":{"line":23,"column":8},"end":{"line":31,"column":9}},"13":{"start":{"line":24,"column":25},"end":{"line":24,"column":44}},"14":{"start":{"line":25,"column":12},"end":{"line":25,"column":77}},"15":{"start":{"line":26,"column":12},"end":{"line":26,"column":29}},"16":{"start":{"line":29,"column":12},"end":{"line":29,"column":33}},"17":{"start":{"line":30,"column":12},"end":{"line":30,"column":43}},"18":{"start":{"line":33,"column":8},"end":{"line":33,"column":51}},"19":{"start":{"line":34,"column":8},"end":{"line":34,"column":59}},"20":{"start":{"line":35,"column":8},"end":{"line":35,"column":19}},"21":{"start":{"line":39,"column":0},"end":{"line":39,"column":27}}},"fnMap":{"0":{"name":"(anonymous_0)","decl":{"start":{"line":5,"column":4},"end":{"line":5,"column":5}},"loc":{"start":{"line":5,"column":35},"end":{"line":11,"column":5}},"line":5},"1":{"name":"(anonymous_1)","decl":{"start":{"line":13,"column":4},"end":{"line":13,"column":5}},"loc":{"start":{"line":13,"column":19},"end":{"line":36,"column":5}},"line":13}},"branchMap":{"0":{"loc":{"start":{"line":16,"column":8},"end":{"line":18,"column":9}},"type":"if","locations":[{"start":{"line":16,"column":8},"end":{"line":18,"column":9}},{"start":{},"end":{}}],"line":16},"1":{"loc":{"start":{"line":23,"column":8},"end":{"line":31,"column":9}},"type":"if","locations":[{"start":{"line":23,"column":8},"end":{"line":31,"column":9}},{"start":{"line":28,"column":12},"end":{"line":31,"column":9}}],"line":23}},"s":{"0":1,"1":1,"2":1,"3":1,"4":1,"5":1,"6":1,"7":3,"8":3,"9":3,"10":1,"11":3,"12":3,"13":1,"14":1,"15":1,"16":2,"17":2,"18":3,"19":3,"20":3,"21":1},"f":{"0":1,"1":3},"b":{"0":[1,2],"1":[1,2]},"_coverageSchema":"1a1c01bbd47fc00a2c39e90264f33305004495a9","hash":"c11e8aab0b70bdabf926610ecd69eb1a2a9b8f1e"}
,"C:\\NodeJS\\OneDrive\\Desktop\\CC_JAN'22\\WebD\\BE\\NodeJs\\nodejs-npm\\nodejs-npm-starter-kit\\printOutput.js": {"path":"C:\\NodeJS\\OneDrive\\Desktop\\CC_JAN'22\\WebD\\BE\\NodeJs\\nodejs-npm\\nodejs-npm-starter-kit\\printOutput.js","statementMap":{"0":{"start":{"line":1,"column":0},"end":{"line":26,"column":1}},"1":{"start":{"line":3,"column":4},"end":{"line":3,"column":84}},"2":{"start":{"line":5,"column":4},"end":{"line":5,"column":26}},"3":{"start":{"line":9,"column":33},"end":{"line":9,"column":62}},"4":{"start":{"line":12,"column":4},"end":{"line":12,"column":44}},"5":{"start":{"line":14,"column":4},"end":{"line":14,"column":32}},"6":{"start":{"line":16,"column":4},"end":{"line":16,"column":84}},"7":{"start":{"line":18,"column":4},"end":{"line":18,"column":26}},"8":{"start":{"line":20,"column":33},"end":{"line":20,"column":62}},"9":{"start":{"line":22,"column":4},"end":{"line":22,"column":44}},"10":{"start":{"line":24,"column":4},"end":{"line":24,"column":32}},"11":{"start":{"line":29,"column":4},"end":{"line":29,"column":26}},"12":{"start":{"line":30,"column":4},"end":{"line":30,"column":28}},"13":{"start":{"line":34,"column":20},"end":{"line":34,"column":43}},"14":{"start":{"line":35,"column":26},"end":{"line":35,"column":89}},"15":{"start":{"line":35,"column":49},"end":{"line":35,"column":88}},"16":{"start":{"line":36,"column":4},"end":{"line":36,"column":25}},"17":{"start":{"line":40,"column":4},"end":{"line":43,"column":5}},"18":{"start":{"line":41,"column":8},"end":{"line":42,"column":55}},"19":{"start":{"line":42,"column":12},"end":{"line":42,"column":55}}},"fnMap":{"0":{"name":"(anonymous_0)","decl":{"start":{"line":1,"column":29},"end":{"line":1,"column":30}},"loc":{"start":{"line":1,"column":54},"end":{"line":26,"column":1}},"line":1},"1":{"name":"deleteFields","decl":{"start":{"line":28,"column":9},"end":{"line":28,"column":21}},"loc":{"start":{"line":28,"column":30},"end":{"line":31,"column":1}},"line":28},"2":{"name":"sortAndCreateEntries","decl":{"start":{"line":33,"column":9},"end":{"line":33,"column":29}},"loc":{"start":{"line":33,"column":38},"end":{"line":37,"column":1}},"line":33},"3":{"name":"(anonymous_3)","decl":{"start":{"line":35,"column":39},"end":{"line":35,"column":40}},"loc":{"start":{"line":35,"column":49},"end":{"line":35,"column":88}},"line":35},"4":{"name":"print","decl":{"start":{"line":39,"column":9},"end":{"line":39,"column":14}},"loc":{"start":{"line":39,"column":29},"end":{"line":44,"column":1}},"line":39}},"branchMap":{"0":{"loc":{"start":{"line":35,"column":49},"end":{"line":35,"column":88}},"type":"binary-expr","locations":[{"start":{"line":35,"column":49},"end":{"line":35,"column":60}},{"start":{"line":35,"column":64},"end":{"line":35,"column":88}}],"line":35},"1":{"loc":{"start":{"line":41,"column":8},"end":{"line":42,"column":55}},"type":"if","locations":[{"start":{"line":41,"column":8},"end":{"line":42,"column":55}},{"start":{},"end":{}}],"line":41}},"s":{"0":1,"1":2,"2":2,"3":2,"4":2,"5":2,"6":2,"7":2,"8":2,"9":2,"10":2,"11":4,"12":4,"13":4,"14":4,"15":10,"16":4,"17":4,"18":12,"19":10},"f":{"0":2,"1":4,"2":4,"3":10,"4":4},"b":{"0":[10,0],"1":[10,2]},"_coverageSchema":"1a1c01bbd47fc00a2c39e90264f33305004495a9","hash":"5ee30a7a6e1a361150dd992d1d1050b3a8c95c6c"}
}
