TN:
SF:metroCard.js
FN:5,(anonymous_0)
FN:13,(anonymous_1)
FNF:2
FNH:2
FNDA:1,(anonymous_0)
FNDA:3,(anonymous_1)
DA:2,1
DA:3,1
DA:6,1
DA:7,1
DA:8,1
DA:9,1
DA:10,1
DA:14,3
DA:15,3
DA:16,3
DA:17,1
DA:21,3
DA:23,3
DA:24,1
DA:25,1
DA:26,1
DA:29,2
DA:30,2
DA:33,3
DA:34,3
DA:35,3
DA:39,1
LF:22
LH:22
BRDA:16,0,0,1
BRDA:16,0,1,2
BRDA:23,1,0,1
BRDA:23,1,1,2
BRF:4
BRH:4
end_of_record
TN:
SF:printOutput.js
FN:1,(anonymous_0)
FN:28,deleteFields
FN:33,sortAndCreateEntries
FN:35,(anonymous_3)
FN:39,print
FNF:5
FNH:5
FNDA:2,(anonymous_0)
FNDA:4,deleteFields
FNDA:4,sortAndCreateEntries
FNDA:10,(anonymous_3)
FNDA:4,print
DA:1,1
DA:3,2
DA:5,2
DA:9,2
DA:12,2
DA:14,2
DA:16,2
DA:18,2
DA:20,2
DA:22,2
DA:24,2
DA:29,4
DA:30,4
DA:34,4
DA:35,10
DA:36,4
DA:40,4
DA:41,12
DA:42,10
LF:19
LH:19
BRDA:35,0,0,10
BRDA:35,0,1,0
BRDA:41,1,0,10
BRDA:41,1,1,2
BRF:4
BRH:3
end_of_record
